# JRE version: OpenJDK Runtime Environment Temurin-17.0.16+8 (17.0.16+8) (build 17.0.16+8)
# Java VM: OpenJDK 64-Bit Server VM Temurin-17.0.16+8 (17.0.16+8, mixed mode, sharing, tiered, compressed oops, compressed class ptrs, g1 gc, windows-amd64)
GC Precious Log:
 CPUs: 4 total, 4 available
 Memory: 12152M
 Large Page Support: Disabled
 NUMA Support: Disabled
 Compressed Oops: Enabled (Zero based)
 Heap Region Size: 2M
 Heap Min Capacity: 8M
 Heap Initial Capacity: 190M
 Heap Max Capacity: 3G
 Pre-touch: Disabled
 Parallel Workers: 4
 Concurrent Workers: 1
 Concurrent Refinement Workers: 4
 Periodic GC: Disabled
Heap:
 garbage-first heap   total 90112K, used 61317K [0x0000000740000000, 0x0000000800000000)
  region size 2048K, 19 young (38912K), 2 survivors (4096K)
 Metaspace       used 32642K, committed 33088K, reserved 491520K
  class space    used 4535K, committed 4736K, reserved 425984K
GC Heap History (16 events):
Event: 2.021 GC heap before
{Heap before GC invocations=0 (full 0):
 garbage-first heap   total 194560K, used 10240K [0x0000000740000000, 0x0000000800000000)
  region size 2048K, 6 young (12288K), 0 survivors (0K)
 Metaspace       used 996K, committed 1152K, reserved 491520K
  class space    used 75K, committed 128K, reserved 425984K
}
Event: 2.097 GC heap after
{Heap after GC invocations=1 (full 0):
 garbage-first heap   total 194560K, used 1848K [0x0000000740000000, 0x0000000800000000)
  region size 2048K, 1 young (2048K), 1 survivors (2048K)
 Metaspace       used 996K, committed 1152K, reserved 491520K
  class space    used 75K, committed 128K, reserved 425984K
}
Event: 5.136 GC heap before
{Heap before GC invocations=1 (full 0):
 garbage-first heap   total 194560K, used 20280K [0x0000000740000000, 0x0000000800000000)
  region size 2048K, 8 young (16384K), 1 survivors (2048K)
 Metaspace       used 3220K, committed 3392K, reserved 491520K
  class space    used 399K, committed 448K, reserved 425984K
}
Event: 5.144 GC heap after
{Heap after GC invocations=2 (full 0):
 garbage-first heap   total 194560K, used 10537K [0x0000000740000000, 0x0000000800000000)
  region size 2048K, 1 young (2048K), 1 survivors (2048K)
 Metaspace       used 3220K, committed 3392K, reserved 491520K
  class space    used 399K, committed 448K, reserved 425984K
}
Event: 7.037 GC heap before
{Heap before GC invocations=2 (full 0):
 garbage-first heap   total 194560K, used 28969K [0x0000000740000000, 0x0000000800000000)
  region size 2048K, 10 young (20480K), 1 survivors (2048K)
 Metaspace       used 4020K, committed 4224K, reserved 491520K
  class space    used 491K, committed 576K, reserved 425984K
}
Event: 7.043 GC heap after
{Heap after GC invocations=3 (full 0):
 garbage-first heap   total 194560K, used 11137K [0x0000000740000000, 0x0000000800000000)
  region size 2048K, 2 young (4096K), 2 survivors (4096K)
 Metaspace       used 4020K, committed 4224K, reserved 491520K
  class space    used 491K, committed 576K, reserved 425984K
}
Event: 37.168 GC heap before
{Heap before GC invocations=3 (full 0):
 garbage-first heap   total 194560K, used 123777K [0x0000000740000000, 0x0000000800000000)
  region size 2048K, 57 young (116736K), 2 survivors (4096K)
 Metaspace       used 18458K, committed 18688K, reserved 491520K
  class space    used 2658K, committed 2752K, reserved 425984K
}
Event: 37.185 GC heap after
{Heap after GC invocations=4 (full 0):
 garbage-first heap   total 194560K, used 21470K [0x0000000740000000, 0x0000000800000000)
  region size 2048K, 7 young (14336K), 7 survivors (14336K)
 Metaspace       used 18458K, committed 18688K, reserved 491520K
  class space    used 2658K, committed 2752K, reserved 425984K
}
Event: 39.644 GC heap before
{Heap before GC invocations=4 (full 0):
 garbage-first heap   total 194560K, used 39902K [0x0000000740000000, 0x0000000800000000)
  region size 2048K, 17 young (34816K), 7 survivors (14336K)
 Metaspace       used 21160K, committed 21504K, reserved 491520K
  class space    used 3071K, committed 3264K, reserved 425984K
}
Event: 39.660 GC heap after
{Heap after GC invocations=5 (full 0):
 garbage-first heap   total 194560K, used 23000K [0x0000000740000000, 0x0000000800000000)
  region size 2048K, 1 young (2048K), 1 survivors (2048K)
 Metaspace       used 21160K, committed 21504K, reserved 491520K
  class space    used 3071K, committed 3264K, reserved 425984K
}
Event: 44.053 GC heap before
{Heap before GC invocations=6 (full 0):
 garbage-first heap   total 90112K, used 74200K [0x0000000740000000, 0x0000000800000000)
  region size 2048K, 26 young (53248K), 1 survivors (2048K)
 Metaspace       used 28964K, committed 29248K, reserved 491520K
  class space    used 4117K, committed 4224K, reserved 425984K
}
Event: 44.062 GC heap after
{Heap after GC invocations=7 (full 0):
 garbage-first heap   total 90112K, used 25773K [0x0000000740000000, 0x0000000800000000)
  region size 2048K, 3 young (6144K), 3 survivors (6144K)
 Metaspace       used 28964K, committed 29248K, reserved 491520K
  class space    used 4117K, committed 4224K, reserved 425984K
}
Event: 44.211 GC heap before
{Heap before GC invocations=7 (full 0):
 garbage-first heap   total 90112K, used 27821K [0x0000000740000000, 0x0000000800000000)
  region size 2048K, 4 young (8192K), 3 survivors (6144K)
 Metaspace       used 29309K, committed 29696K, reserved 491520K
  class space    used 4164K, committed 4352K, reserved 425984K
}
Event: 44.220 GC heap after
{Heap after GC invocations=8 (full 0):
 garbage-first heap   total 90112K, used 26681K [0x0000000740000000, 0x0000000800000000)
  region size 2048K, 1 young (2048K), 1 survivors (2048K)
 Metaspace       used 29309K, committed 29696K, reserved 491520K
  class space    used 4164K, committed 4352K, reserved 425984K
}
Event: 46.798 GC heap before
{Heap before GC invocations=8 (full 0):
 garbage-first heap   total 90112K, used 65593K [0x0000000740000000, 0x0000000800000000)
  region size 2048K, 21 young (43008K), 1 survivors (2048K)
 Metaspace       used 31734K, committed 32192K, reserved 491520K
  class space    used 4459K, committed 4672K, reserved 425984K
}
Event: 46.803 GC heap after
{Heap after GC invocations=9 (full 0):
 garbage-first heap   total 90112K, used 28549K [0x0000000740000000, 0x0000000800000000)
  region size 2048K, 2 young (4096K), 2 survivors (4096K)
 Metaspace       used 31734K, committed 32192K, reserved 491520K
  class space    used 4459K, committed 4672K, reserved 425984K
}

